SF:lib/core/exceptions/forex_exception.dart
DA:18,3
DA:25,0
DA:29,0
DA:32,0
DA:35,0
DA:38,0
DA:41,0
DA:44,0
DA:53,0
DA:60,2
DA:61,2
LF:11
LH:3
end_of_record
SF:lib/data/models/candle_data.dart
DA:11,2
DA:21,0
DA:24,0
DA:25,0
DA:26,0
DA:27,0
DA:28,0
DA:29,0
DA:30,0
DA:31,0
LF:10
LH:1
end_of_record
SF:lib/data/models/forex_pair.dart
DA:7,2
DA:14,0
DA:15,0
DA:16,0
DA:17,0
DA:18,0
DA:19,0
LF:7
LH:1
end_of_record
SF:lib/data/repositories/forex_repository.dart
DA:16,1
DA:22,1
DA:25,2
DA:27,1
DA:28,1
DA:32,2
DA:33,2
DA:34,1
DA:36,2
DA:42,1
DA:49,2
DA:51,1
DA:53,1
DA:54,1
DA:60,1
DA:61,1
DA:62,4
DA:63,2
DA:64,2
DA:65,2
DA:66,2
DA:67,2
DA:68,2
DA:69,2
DA:75,1
DA:78,5
DA:79,1
DA:82,3
DA:83,1
DA:87,1
LF:30
LH:30
end_of_record
SF:lib/mocks/data/mock_data.dart
DA:9,2
DA:10,2
DA:11,2
DA:16,2
DA:21,2
DA:26,2
DA:31,2
DA:40,1
DA:41,1
DA:42,1
DA:48,1
DA:54,1
DA:60,1
DA:66,1
DA:76,3
DA:77,3
DA:78,3
DA:79,3
DA:80,3
DA:81,3
DA:82,3
DA:83,3
DA:87,3
DA:88,3
DA:89,3
DA:90,3
DA:91,3
DA:94,6
DA:95,6
DA:96,6
DA:99,12
DA:100,6
DA:102,18
DA:103,15
DA:104,15
DA:105,9
DA:107,3
DA:108,3
DA:109,3
DA:110,3
DA:111,3
DA:112,3
DA:118,3
LF:43
LH:43
end_of_record
SF:lib/core/services/api_client.dart
DA:13,0
DA:16,0
DA:18,0
DA:21,0
DA:22,0
DA:23,0
DA:24,0
DA:27,0
DA:36,0
DA:37,0
DA:38,0
DA:40,0
DA:42,0
DA:43,0
DA:50,0
DA:52,0
DA:54,0
DA:62,0
DA:63,0
DA:64,0
DA:65,0
DA:66,0
DA:67,0
DA:68,0
DA:69,0
DA:70,0
DA:71,0
DA:73,0
DA:76,0
DA:77,0
DA:78,0
DA:79,0
DA:80,0
DA:81,0
DA:82,0
DA:83,0
DA:85,0
DA:88,0
LF:38
LH:0
end_of_record
SF:lib/core/services/cache_service.dart
DA:12,0
DA:14,0
DA:15,0
DA:16,0
DA:18,0
DA:21,0
DA:24,0
DA:25,0
DA:28,0
DA:29,0
DA:30,0
DA:33,0
DA:34,0
DA:38,0
DA:40,0
DA:41,0
DA:44,0
DA:45,0
LF:18
LH:0
end_of_record
SF:lib/core/services/connectivity_service.dart
DA:10,0
DA:12,0
DA:13,0
DA:14,0
LF:4
LH:0
end_of_record
SF:lib/core/services/finnhub_service.dart
DA:20,0
DA:22,0
DA:25,0
DA:27,0
DA:30,0
DA:31,0
DA:32,0
DA:34,0
DA:40,0
DA:49,0
DA:51,0
DA:52,0
DA:54,0
DA:56,0
DA:64,0
DA:66,0
LF:16
LH:0
end_of_record
SF:lib/core/services/web_socket_client.dart
DA:13,0
DA:24,0
DA:26,0
DA:27,0
DA:28,0
DA:31,0
DA:33,0
DA:37,0
DA:38,0
DA:41,0
DA:44,0
DA:45,0
DA:46,0
DA:47,0
DA:48,0
DA:51,0
DA:52,0
DA:53,0
DA:55,0
DA:56,0
DA:57,0
DA:61,0
DA:62,0
DA:64,0
DA:66,0
DA:67,0
DA:71,0
DA:72,0
DA:74,0
DA:76,0
DA:77,0
DA:82,0
DA:83,0
DA:84,0
DA:85,0
DA:89,0
DA:90,0
DA:92,0
DA:93,0
DA:95,0
DA:96,0
DA:99,0
DA:106,0
DA:107,0
DA:108,0
DA:109,0
DA:110,0
DA:111,0
DA:112,0
DA:115,0
DA:116,0
DA:117,0
LF:52
LH:0
end_of_record
SF:lib/core/services/ws_service.dart
DA:12,0
DA:14,0
DA:21,0
DA:24,0
DA:25,0
DA:26,0
DA:29,0
DA:30,0
DA:34,0
DA:35,0
DA:36,0
DA:39,0
DA:40,0
DA:42,0
DA:45,0
DA:46,0
DA:47,0
DA:51,0
DA:53,0
DA:55,0
DA:56,0
DA:57,0
DA:58,0
DA:59,0
DA:62,0
DA:64,0
DA:65,0
DA:66,0
DA:71,0
DA:75,0
DA:76,0
DA:80,0
DA:81,0
DA:82,0
DA:86,0
DA:87,0
DA:88,0
LF:37
LH:0
end_of_record
SF:lib/data/models/candle_data_api_model.dart
DA:20,0
DA:21,0
LF:2
LH:0
end_of_record
SF:lib/data/models/candle_data_api_model.g.dart
DA:9,0
DA:11,0
DA:12,0
DA:13,0
DA:14,0
DA:15,0
DA:16,0
DA:17,0
DA:18,0
DA:19,0
DA:20,0
DA:21,0
DA:22,0
DA:23,0
DA:24,0
DA:25,0
DA:26,0
DA:29,0
DA:31,0
DA:32,0
DA:33,0
DA:34,0
DA:35,0
DA:36,0
DA:37,0
DA:38,0
LF:26
LH:0
end_of_record
SF:lib/data/models/forex_symbols_api_model.dart
DA:15,0
DA:16,0
LF:2
LH:0
end_of_record
SF:lib/data/models/forex_symbols_api_model.g.dart
DA:9,0
DA:11,0
DA:12,0
DA:13,0
DA:14,0
DA:17,0
DA:19,0
DA:20,0
DA:21,0
DA:22,0
LF:10
LH:0
end_of_record
SF:lib/core/exceptions/error_handler.dart
DA:8,0
DA:10,0
DA:13,0
DA:14,0
DA:15,0
DA:17,0
DA:18,0
DA:21,0
DA:26,0
DA:27,0
DA:31,0
DA:35,0
DA:36,0
DA:46,0
DA:47,0
DA:57,0
DA:58,0
DA:68,0
DA:75,0
DA:77,0
DA:78,0
DA:79,0
DA:80,0
DA:82,0
DA:85,0
DA:86,0
DA:87,0
DA:88,0
DA:89,0
LF:29
LH:0
end_of_record
SF:lib/data/models/forex_update_ws_model.dart
DA:14,0
DA:15,0
DA:27,0
DA:28,0
LF:4
LH:0
end_of_record
SF:lib/data/models/forex_update_ws_model.g.dart
DA:9,0
DA:11,0
DA:12,0
DA:13,0
DA:14,0
DA:15,0
DA:18,0
DA:20,0
DA:21,0
DA:22,0
DA:25,0
DA:27,0
DA:28,0
DA:29,0
DA:30,0
DA:31,0
DA:34,0
DA:36,0
DA:37,0
DA:38,0
DA:39,0
DA:40,0
LF:22
LH:0
end_of_record
SF:lib/core/utils/constants.dart
DA:1,3
LF:1
LH:1
end_of_record
SF:lib/features/forex_list/cubits/forex_pairs_cubit.dart
DA:17,2
DA:18,4
DA:20,1
DA:21,2
DA:22,0
DA:23,0
DA:25,0
DA:26,0
DA:28,0
DA:33,1
DA:34,2
DA:35,0
DA:36,0
DA:38,0
DA:39,0
DA:40,0
DA:42,0
DA:44,0
DA:46,0
DA:51,0
DA:56,2
DA:60,4
DA:61,4
DA:62,2
DA:65,0
DA:67,2
DA:70,2
DA:71,4
DA:74,4
DA:75,4
DA:78,4
DA:79,4
DA:80,6
DA:81,2
DA:83,2
DA:86,1
DA:88,0
DA:93,2
DA:97,0
DA:99,0
DA:100,0
DA:102,0
DA:103,0
DA:104,0
DA:108,0
DA:110,0
DA:113,0
LF:47
LH:22
end_of_record
SF:lib/features/forex_list/cubits/forex_pairs_state.dart
DA:8,1
DA:9,1
DA:19,2
DA:21,1
DA:22,2
DA:28,1
DA:30,1
DA:31,2
LF:8
LH:8
end_of_record
SF:lib/features/forex_list/forex_pairs_screen.dart
DA:18,1
DA:22,1
DA:24,1
DA:26,1
DA:27,4
DA:28,1
DA:29,1
DA:30,1
DA:31,1
DA:32,1
DA:34,1
DA:35,0
DA:38,1
DA:39,1
DA:40,2
DA:41,2
DA:42,0
DA:43,0
DA:44,0
DA:45,0
DA:46,0
DA:48,0
DA:49,0
DA:51,0
DA:52,0
DA:54,0
DA:55,0
DA:56,0
DA:57,0
DA:63,0
DA:72,0
DA:73,0
DA:74,0
DA:75,0
DA:76,0
DA:77,0
DA:78,0
DA:79,0
DA:80,0
DA:82,0
DA:84,0
DA:85,0
DA:87,0
DA:88,0
DA:90,0
DA:93,0
DA:95,0
LF:47
LH:15
end_of_record
SF:lib/features/history/history_page.dart
DA:19,0
DA:23,0
DA:25,0
DA:26,0
DA:34,0
DA:36,0
DA:37,0
DA:38,0
DA:41,0
DA:42,0
DA:43,0
DA:44,0
DA:45,0
DA:46,0
DA:50,0
DA:52,0
DA:53,0
DA:54,0
DA:55,0
DA:56,0
DA:57,0
DA:62,0
DA:63,0
DA:65,0
DA:66,0
DA:69,0
DA:70,0
DA:71,0
DA:74,0
DA:77,0
DA:78,0
DA:79,0
DA:80,0
DA:83,0
DA:84,0
DA:85,0
DA:86,0
DA:89,0
DA:90,0
DA:91,0
DA:92,0
DA:93,0
DA:94,0
DA:95,0
DA:97,0
DA:100,0
DA:101,0
DA:102,0
DA:103,0
DA:104,0
DA:106,0
DA:110,0
DA:111,0
DA:113,0
DA:114,0
DA:115,0
DA:122,0
DA:123,0
DA:124,0
DA:126,0
DA:127,0
DA:132,0
DA:133,0
DA:136,0
DA:137,0
DA:140,0
DA:147,0
LF:67
LH:0
end_of_record
SF:lib/features/forex_list/widgets/forex_pair_item.dart
DA:10,0
DA:14,0
DA:16,0
DA:19,0
DA:25,0
DA:26,0
DA:27,0
DA:28,0
DA:29,0
DA:31,0
DA:32,0
DA:33,0
DA:35,0
DA:38,0
DA:39,0
DA:40,0
DA:41,0
DA:47,0
DA:48,0
DA:49,0
DA:56,0
LF:21
LH:0
end_of_record
SF:lib/features/history/cubits/history_cubit.dart
DA:11,3
DA:13,1
DA:19,2
DA:22,2
DA:29,1
DA:30,2
DA:31,1
DA:39,2
DA:42,1
DA:44,0
DA:49,2
LF:11
LH:10
end_of_record
SF:lib/features/history/cubits/history_state.dart
DA:8,1
DA:9,1
DA:19,1
DA:21,1
DA:22,2
DA:28,1
DA:30,1
DA:31,2
LF:8
LH:8
end_of_record
SF:lib/features/history/widgets/chart_header.dart
DA:8,0
DA:12,0
DA:14,0
DA:16,0
DA:18,0
DA:19,0
DA:20,0
DA:22,0
DA:23,0
DA:24,0
DA:30,0
DA:31,0
DA:32,0
LF:13
LH:0
end_of_record
SF:lib/features/history/widgets/date_range_selector.dart
DA:10,0
DA:15,0
DA:17,0
DA:18,0
DA:26,0
DA:28,0
DA:29,0
DA:30,0
DA:33,0
DA:34,0
DA:36,0
DA:37,0
DA:38,0
DA:39,0
DA:40,0
DA:41,0
DA:52,0
DA:53,0
DA:54,0
DA:56,0
DA:60,0
DA:61,0
DA:63,0
DA:64,0
DA:65,0
DA:66,0
DA:67,0
DA:68,0
DA:79,0
DA:80,0
DA:81,0
DA:83,0
DA:87,0
DA:89,0
DA:91,0
DA:93,0
DA:94,0
DA:96,0
DA:97,0
DA:109,0
DA:111,0
DA:112,0
DA:119,0
DA:124,0
DA:125,0
DA:126,0
DA:127,0
DA:129,0
DA:131,0
DA:132,0
DA:134,0
DA:136,0
DA:137,0
LF:53
LH:0
end_of_record
SF:lib/features/history/widgets/forex_chart.dart
DA:11,0
DA:15,0
DA:17,0
DA:18,0
DA:28,0
DA:34,0
DA:35,0
DA:36,0
DA:40,0
DA:41,0
DA:44,0
DA:50,0
DA:53,0
DA:56,0
DA:57,0
DA:60,0
DA:61,0
DA:65,0
DA:67,0
DA:69,0
DA:71,0
DA:73,0
DA:82,0
DA:85,0
DA:86,0
DA:89,0
DA:90,0
DA:91,0
DA:94,0
DA:95,0
DA:96,0
DA:99,0
DA:100,0
DA:101,0
DA:102,0
DA:105,0
DA:106,0
DA:107,0
DA:108,0
DA:112,0
DA:113,0
DA:114,0
DA:115,0
DA:117,0
DA:118,0
DA:122,0
DA:126,0
DA:127,0
DA:128,0
DA:129,0
DA:130,0
DA:138,0
DA:140,0
DA:141,0
DA:142,0
DA:143,0
DA:152,0
DA:155,0
DA:156,0
DA:158,0
DA:159,0
DA:160,0
DA:166,0
DA:168,0
DA:169,0
DA:178,0
DA:180,0
DA:181,0
DA:182,0
DA:183,0
DA:184,0
DA:187,0
DA:191,0
DA:194,0
DA:195,0
DA:197,0
DA:199,0
DA:202,0
DA:208,0
DA:209,0
DA:217,0
DA:218,0
DA:227,0
DA:231,0
DA:239,0
DA:241,0
DA:245,0
DA:248,0
DA:250,0
DA:251,0
DA:253,0
DA:265,0
DA:266,0
DA:269,0
DA:270,0
DA:271,0
DA:277,0
DA:278,0
DA:281,0
DA:282,0
DA:285,0
DA:286,0
DA:289,0
DA:291,0
DA:293,0
DA:298,0
DA:302,0
DA:306,0
DA:307,0
DA:310,0
DA:311,0
DA:313,0
DA:316,0
DA:330,0
DA:331,0
DA:334,0
DA:335,0
DA:336,0
DA:337,0
DA:338,0
DA:352,0
DA:359,0
DA:361,0
DA:362,0
DA:370,0
DA:378,0
DA:380,0
DA:381,0
DA:384,0
DA:388,0
DA:390,0
DA:392,0
DA:398,0
DA:401,0
DA:402,0
DA:403,0
DA:405,0
LF:137
LH:0
end_of_record
SF:lib/features/history/widgets/resolution_selector.dart
DA:8,0
DA:12,0
DA:14,0
DA:16,0
DA:18,0
DA:19,0
DA:20,0
DA:22,0
DA:24,0
DA:26,0
DA:27,0
DA:28,0
DA:29,0
DA:30,0
DA:31,0
DA:38,0
DA:39,0
DA:40,0
DA:41,0
DA:42,0
DA:43,0
DA:45,0
DA:47,0
DA:49,0
DA:50,0
DA:51,0
DA:58,0
DA:59,0
DA:61,0
DA:62,0
LF:30
LH:0
end_of_record
