SF:lib/core/exceptions/app_error.dart
DA:20,2
DA:23,0
DA:24,0
DA:31,0
DA:32,0
DA:39,0
DA:40,0
DA:47,0
DA:48,0
DA:55,0
DA:56,0
DA:63,0
DA:64,0
DA:70,2
DA:71,2
LF:15
LH:3
end_of_record
SF:lib/pages/history/cubits/history_cubit.dart
DA:13,3
DA:15,1
DA:21,2
DA:24,2
DA:31,1
DA:32,2
DA:33,1
DA:41,2
DA:43,1
DA:44,2
LF:10
LH:10
end_of_record
SF:lib/pages/history/cubits/history_state.dart
DA:7,1
DA:8,1
DA:18,1
DA:20,1
DA:21,2
DA:27,1
DA:29,1
DA:30,2
LF:8
LH:8
end_of_record
SF:lib/mocks/data/mock_data.dart
DA:11,2
DA:12,2
DA:42,1
DA:43,1
DA:44,1
DA:50,1
DA:56,1
DA:62,1
DA:68,1
DA:78,3
DA:79,3
DA:80,3
DA:81,3
DA:82,3
DA:83,3
DA:84,3
DA:85,3
DA:89,3
DA:90,3
DA:91,3
DA:92,3
DA:93,3
DA:96,6
DA:97,6
DA:98,6
DA:101,12
DA:102,6
DA:104,18
DA:105,15
DA:106,15
DA:107,9
DA:109,3
DA:110,3
DA:111,3
DA:112,3
DA:113,3
DA:114,3
DA:120,3
LF:38
LH:38
end_of_record
SF:lib/data/models/candle_data.dart
DA:12,2
DA:22,0
DA:25,0
DA:26,0
DA:27,0
DA:28,0
DA:29,0
DA:30,0
DA:31,0
DA:32,0
LF:10
LH:1
end_of_record
SF:lib/core/services/api_client.dart
DA:15,0
DA:18,0
DA:20,0
DA:23,0
DA:24,0
DA:25,0
DA:26,0
DA:27,0
DA:28,0
DA:29,0
DA:32,0
DA:41,0
DA:42,0
DA:43,0
DA:45,0
DA:47,0
DA:48,0
DA:55,0
DA:57,0
DA:58,0
DA:59,0
LF:21
LH:0
end_of_record
SF:lib/core/services/cache_service.dart
DA:13,0
DA:15,0
DA:16,0
DA:17,0
DA:19,0
DA:22,0
DA:25,0
DA:26,0
DA:29,0
DA:30,0
DA:31,0
DA:34,0
DA:35,0
DA:39,0
DA:41,0
DA:42,0
DA:45,0
DA:46,0
LF:18
LH:0
end_of_record
SF:lib/core/services/connectivity_service.dart
DA:11,0
DA:13,0
DA:14,0
DA:15,0
LF:4
LH:0
end_of_record
SF:lib/core/services/finnhub_service.dart
DA:21,0
DA:23,0
DA:26,0
DA:28,0
DA:31,0
DA:32,0
DA:33,0
DA:41,0
DA:50,0
DA:52,0
DA:53,0
DA:55,0
DA:57,0
DA:65,0
LF:14
LH:0
end_of_record
SF:lib/core/services/web_socket_client.dart
DA:11,0
DA:13,0
DA:24,0
DA:26,0
DA:27,0
DA:28,0
DA:29,0
DA:31,0
DA:32,0
DA:37,0
DA:39,0
DA:40,0
DA:43,0
DA:45,0
DA:46,0
DA:49,0
DA:52,0
DA:53,0
DA:54,0
DA:55,0
DA:56,0
DA:59,0
DA:60,0
DA:61,0
DA:63,0
DA:64,0
DA:65,0
DA:69,0
DA:70,0
DA:71,0
DA:73,0
DA:75,0
DA:76,0
DA:77,0
DA:81,0
DA:83,0
DA:85,0
DA:86,0
DA:87,0
DA:89,0
DA:93,0
DA:95,0
DA:96,0
DA:98,0
DA:99,0
DA:102,0
DA:106,0
DA:107,0
DA:108,0
DA:110,0
DA:111,0
DA:115,0
DA:116,0
DA:117,0
DA:121,0
DA:122,0
DA:123,0
DA:125,0
DA:126,0
DA:129,0
DA:131,0
DA:132,0
DA:133,0
DA:138,0
DA:140,0
DA:142,0
DA:144,0
DA:145,0
DA:151,0
DA:152,0
DA:153,0
DA:154,0
DA:155,0
DA:156,0
DA:157,0
DA:158,0
DA:161,0
DA:162,0
DA:163,0
LF:79
LH:0
end_of_record
SF:lib/core/services/ws_service.dart
DA:21,0
DA:23,0
DA:29,0
DA:30,0
DA:32,0
DA:34,0
DA:39,0
DA:40,0
DA:43,0
DA:45,0
DA:46,0
DA:47,0
DA:48,0
DA:50,0
DA:51,0
DA:53,0
DA:56,0
DA:57,0
DA:59,0
DA:65,0
DA:67,0
DA:68,0
DA:71,0
DA:73,0
DA:79,0
DA:80,0
DA:81,0
DA:82,0
DA:84,0
DA:85,0
DA:86,0
DA:87,0
DA:89,0
DA:93,0
DA:99,0
DA:103,0
DA:105,0
DA:106,0
DA:108,0
DA:112,0
DA:114,0
DA:117,0
DA:118,0
DA:119,0
DA:126,0
DA:127,0
DA:128,0
DA:129,0
DA:132,0
DA:133,0
DA:135,0
DA:138,0
DA:139,0
DA:140,0
DA:144,0
DA:146,0
DA:148,0
DA:149,0
DA:150,0
DA:151,0
DA:152,0
DA:155,0
DA:157,0
DA:158,0
DA:159,0
DA:164,0
DA:165,0
DA:166,0
DA:170,0
DA:171,0
DA:175,0
DA:176,0
DA:177,0
DA:178,0
DA:181,0
DA:182,0
DA:184,0
DA:188,0
DA:189,0
DA:193,0
DA:194,0
DA:195,0
LF:82
LH:0
end_of_record
SF:lib/data/models/candle_data_api_model.dart
DA:20,0
DA:21,0
LF:2
LH:0
end_of_record
SF:lib/data/models/candle_data_api_model.g.dart
DA:9,0
DA:11,0
DA:12,0
DA:13,0
DA:14,0
DA:15,0
DA:16,0
DA:17,0
DA:18,0
DA:19,0
DA:20,0
DA:21,0
DA:22,0
DA:23,0
DA:24,0
DA:25,0
DA:26,0
DA:29,0
DA:31,0
DA:32,0
DA:33,0
DA:34,0
DA:35,0
DA:36,0
DA:37,0
DA:38,0
LF:26
LH:0
end_of_record
SF:lib/data/models/forex_pair.dart
DA:7,2
DA:14,0
DA:15,0
DA:16,0
DA:17,0
DA:18,0
DA:19,0
LF:7
LH:1
end_of_record
SF:lib/data/models/forex_symbols_api_model.dart
DA:14,0
DA:15,0
LF:2
LH:0
end_of_record
SF:lib/data/models/forex_symbols_api_model.g.dart
DA:9,0
DA:11,0
DA:12,0
DA:13,0
DA:14,0
DA:17,0
DA:19,0
DA:20,0
DA:21,0
DA:22,0
LF:10
LH:0
end_of_record
SF:lib/data/repositories/forex_repository.dart
DA:14,1
DA:20,1
DA:23,2
DA:25,1
DA:26,1
DA:30,2
DA:31,2
DA:32,1
DA:40,1
DA:47,2
DA:49,1
DA:55,1
DA:56,1
DA:57,4
DA:58,2
DA:59,2
DA:60,2
DA:61,2
DA:62,2
DA:63,2
DA:64,2
DA:70,1
DA:72,4
DA:73,1
DA:76,3
DA:77,1
DA:81,1
LF:27
LH:27
end_of_record
SF:lib/core/services/error_service.dart
DA:8,2
DA:10,2
DA:15,0
DA:16,0
DA:20,0
DA:21,0
DA:25,0
DA:26,0
DA:27,0
DA:28,0
DA:29,0
DA:30,0
DA:32,0
DA:33,0
DA:35,0
DA:36,0
DA:39,0
DA:42,0
DA:43,0
DA:44,0
DA:45,0
DA:46,0
DA:47,0
DA:49,0
DA:53,0
DA:58,0
DA:59,0
DA:60,0
LF:28
LH:2
end_of_record
SF:lib/data/models/forex_update_ws_model.dart
DA:13,0
DA:14,0
DA:26,0
DA:27,0
LF:4
LH:0
end_of_record
SF:lib/data/models/forex_update_ws_model.g.dart
DA:9,0
DA:11,0
DA:12,0
DA:13,0
DA:14,0
DA:15,0
DA:18,0
DA:20,0
DA:21,0
DA:22,0
DA:25,0
DA:27,0
DA:28,0
DA:29,0
DA:30,0
DA:31,0
DA:34,0
DA:36,0
DA:37,0
DA:38,0
DA:39,0
DA:40,0
LF:22
LH:0
end_of_record
SF:lib/pages/forex_list/cubits/forex_pairs_cubit.dart
DA:18,2
DA:19,4
DA:21,1
DA:22,2
DA:23,0
DA:24,0
DA:26,0
DA:27,0
DA:29,0
DA:34,1
DA:35,2
DA:36,0
DA:37,0
DA:39,0
DA:40,0
DA:41,0
DA:43,0
DA:45,0
DA:46,0
DA:51,2
DA:55,4
DA:56,4
DA:57,2
DA:60,0
DA:62,2
DA:65,2
DA:66,4
DA:69,4
DA:70,4
DA:73,4
DA:75,4
DA:76,6
DA:77,2
DA:79,2
DA:83,0
DA:89,1
DA:90,2
DA:94,0
DA:96,0
DA:97,0
DA:99,0
DA:100,0
DA:101,0
DA:105,0
DA:107,0
DA:110,0
LF:46
LH:22
end_of_record
SF:lib/pages/forex_list/cubits/forex_pairs_state.dart
DA:7,1
DA:8,1
DA:18,2
DA:20,1
DA:21,2
DA:27,1
DA:29,1
DA:30,2
LF:8
LH:8
end_of_record
SF:lib/pages/forex_list/forex_pairs_screen.dart
DA:19,1
DA:23,1
DA:25,1
DA:27,1
DA:28,4
DA:29,1
DA:30,1
DA:31,1
DA:32,1
DA:33,1
DA:35,1
DA:36,0
DA:39,1
DA:40,1
DA:41,2
DA:43,0
DA:45,0
DA:46,0
DA:47,0
DA:49,0
DA:50,0
DA:52,0
DA:55,0
DA:56,0
DA:57,0
DA:64,0
DA:73,0
DA:74,0
DA:75,0
DA:76,0
DA:77,0
DA:78,0
DA:79,0
DA:80,0
DA:81,0
DA:83,0
DA:85,0
DA:86,0
DA:88,0
DA:89,0
DA:91,0
DA:94,0
DA:96,0
LF:43
LH:14
end_of_record
SF:lib/core/ui/error_ui.dart
DA:9,0
DA:10,0
DA:16,0
DA:17,0
DA:21,0
DA:25,0
DA:29,0
DA:33,0
DA:43,0
DA:44,0
DA:45,0
DA:46,0
DA:47,0
DA:48,0
DA:50,0
DA:51,0
DA:59,0
DA:60,0
DA:62,0
DA:64,0
DA:65,0
DA:74,0
DA:75,0
DA:77,0
DA:79,0
DA:81,0
DA:82,0
DA:83,0
DA:84,0
LF:29
LH:0
end_of_record
SF:lib/pages/history/history_page.dart
DA:21,0
DA:25,0
DA:27,0
DA:28,0
DA:36,0
DA:38,0
DA:39,0
DA:40,0
DA:43,0
DA:44,0
DA:45,0
DA:46,0
DA:47,0
DA:48,0
DA:52,0
DA:54,0
DA:55,0
DA:56,0
DA:57,0
DA:58,0
DA:59,0
DA:64,0
DA:65,0
DA:67,0
DA:68,0
DA:71,0
DA:72,0
DA:73,0
DA:76,0
DA:79,0
DA:80,0
DA:81,0
DA:82,0
DA:85,0
DA:86,0
DA:87,0
DA:88,0
DA:91,0
DA:92,0
DA:93,0
DA:94,0
DA:95,0
DA:96,0
DA:97,0
DA:99,0
DA:102,0
DA:103,0
DA:104,0
DA:105,0
DA:106,0
DA:108,0
DA:112,0
DA:113,0
DA:115,0
DA:116,0
DA:117,0
DA:124,0
DA:125,0
DA:126,0
DA:128,0
DA:134,0
DA:135,0
DA:138,0
DA:139,0
DA:142,0
DA:149,0
LF:66
LH:0
end_of_record
SF:lib/pages/forex_list/widgets/forex_pair_item.dart
DA:11,0
DA:15,0
DA:17,0
DA:20,0
DA:26,0
DA:27,0
DA:28,0
DA:29,0
DA:32,0
DA:33,0
DA:34,0
DA:36,0
DA:39,0
DA:40,0
DA:41,0
DA:42,0
DA:48,0
DA:49,0
DA:50,0
DA:57,0
LF:20
LH:0
end_of_record
SF:lib/pages/history/widgets/chart_header.dart
DA:8,0
DA:12,0
DA:14,0
DA:16,0
DA:18,0
DA:19,0
DA:20,0
DA:22,0
DA:23,0
DA:24,0
DA:30,0
DA:31,0
DA:32,0
LF:13
LH:0
end_of_record
SF:lib/pages/history/widgets/date_range_selector.dart
DA:11,0
DA:16,0
DA:18,0
DA:19,0
DA:27,0
DA:29,0
DA:30,0
DA:31,0
DA:34,0
DA:35,0
DA:37,0
DA:38,0
DA:39,0
DA:40,0
DA:41,0
DA:42,0
DA:53,0
DA:54,0
DA:55,0
DA:57,0
DA:61,0
DA:62,0
DA:64,0
DA:65,0
DA:66,0
DA:67,0
DA:68,0
DA:69,0
DA:80,0
DA:81,0
DA:82,0
DA:84,0
DA:88,0
DA:90,0
DA:92,0
DA:94,0
DA:95,0
DA:97,0
DA:98,0
DA:110,0
DA:112,0
DA:113,0
DA:120,0
DA:125,0
DA:126,0
DA:127,0
DA:128,0
DA:130,0
DA:132,0
DA:133,0
DA:135,0
DA:137,0
DA:138,0
LF:53
LH:0
end_of_record
SF:lib/pages/history/widgets/forex_chart.dart
DA:16,0
DA:20,0
DA:22,0
DA:23,0
DA:33,0
DA:39,0
DA:40,0
DA:41,0
DA:45,0
DA:46,0
DA:49,0
DA:55,0
DA:58,0
DA:61,0
DA:62,0
DA:65,0
DA:66,0
DA:70,0
DA:72,0
DA:74,0
DA:76,0
DA:78,0
DA:87,0
DA:90,0
DA:91,0
DA:94,0
DA:95,0
DA:96,0
DA:99,0
DA:100,0
DA:101,0
DA:104,0
DA:105,0
DA:106,0
DA:107,0
DA:110,0
DA:111,0
DA:112,0
DA:113,0
DA:117,0
DA:118,0
DA:119,0
DA:120,0
DA:122,0
DA:123,0
DA:127,0
DA:131,0
DA:132,0
DA:133,0
DA:134,0
DA:135,0
DA:143,0
DA:145,0
DA:146,0
DA:147,0
DA:148,0
DA:157,0
DA:160,0
DA:161,0
DA:163,0
DA:164,0
DA:165,0
DA:171,0
DA:173,0
DA:174,0
DA:183,0
DA:185,0
DA:186,0
DA:187,0
DA:188,0
DA:189,0
DA:192,0
DA:196,0
DA:199,0
DA:200,0
DA:202,0
DA:204,0
DA:207,0
DA:213,0
DA:214,0
DA:222,0
DA:223,0
DA:232,0
DA:236,0
DA:244,0
DA:246,0
DA:250,0
DA:253,0
DA:255,0
DA:256,0
DA:258,0
DA:270,0
DA:271,0
DA:274,0
DA:275,0
DA:276,0
DA:282,0
DA:283,0
DA:286,0
DA:287,0
DA:290,0
DA:291,0
DA:294,0
DA:296,0
DA:298,0
DA:303,0
DA:307,0
DA:311,0
DA:312,0
DA:315,0
DA:316,0
DA:318,0
DA:321,0
DA:322,0
DA:325,0
DA:326,0
DA:327,0
DA:328,0
DA:329,0
DA:343,0
DA:350,0
DA:352,0
DA:353,0
DA:370,0
DA:372,0
DA:373,0
DA:376,0
DA:380,0
DA:382,0
DA:384,0
DA:390,0
DA:393,0
DA:394,0
DA:395,0
DA:397,0
LF:135
LH:0
end_of_record
SF:lib/pages/history/widgets/resolution_selector.dart
DA:8,0
DA:12,0
DA:14,0
DA:16,0
DA:18,0
DA:19,0
DA:20,0
DA:22,0
DA:24,0
DA:26,0
DA:27,0
DA:28,0
DA:29,0
DA:30,0
DA:31,0
DA:38,0
DA:39,0
DA:40,0
DA:41,0
DA:42,0
DA:43,0
DA:45,0
DA:47,0
DA:49,0
DA:50,0
DA:51,0
DA:58,0
DA:59,0
DA:61,0
DA:62,0
LF:30
LH:0
end_of_record
